# JRE version: Java(TM) SE Runtime Environment (21.0.6+8) (build 21.0.6+8-LTS-188)
# Java VM: Java HotSpot(TM) 64-Bit Server VM (21.0.6+8-LTS-188, mixed mode, sharing, tiered, compressed oops, compressed class ptrs, g1 gc, linux-amd64)
GC Precious Log:
 CardTable entry size: 512
 Card Set container configuration: InlinePtr #cards 5 size 8 Array Of Cards #cards 12 size 40 Howl #buckets 4 coarsen threshold 1843 Howl Bitmap #cards 512 size 80 coarsen threshold 460 Card regions per heap region 1 cards per card region 2048
 CPUs: 8 total, 8 available
 Memory: 15717M
 Large Page Support: Disabled
 NUMA Support: Disabled
 Compressed Oops: Enabled (32-bit)
 Heap Region Size: 1M
 Heap Min Capacity: 8M
 Heap Initial Capacity: 246M
 Heap Max Capacity: 512M
 Pre-touch: Disabled
 Parallel Workers: 8
 Concurrent Workers: 2
 Concurrent Refinement Workers: 8
 Periodic GC: Disabled
Heap:
 garbage-first heap   total 239616K, used 142705K [0x00000000e0000000, 0x0000000100000000)
  region size 1024K, 38 young (38912K), 10 survivors (10240K)
 Metaspace       used 99327K, committed 102848K, reserved 1179648K
  class space    used 10844K, committed 12736K, reserved 1048576K
GC Heap History (20 events):
Event: 123.905 GC heap before
{Heap before GC invocations=105 (full 0):
 garbage-first heap   total 212992K, used 190967K [0x00000000e0000000, 0x0000000100000000)
  region size 1024K, 112 young (114688K), 9 survivors (9216K)
 Metaspace       used 93500K, committed 96832K, reserved 1179648K
  class space    used 9956K, committed 11712K, reserved 1048576K
}
Event: 123.915 GC heap after
{Heap after GC invocations=106 (full 0):
 garbage-first heap   total 212992K, used 87125K [0x00000000e0000000, 0x0000000100000000)
  region size 1024K, 9 young (9216K), 9 survivors (9216K)
 Metaspace       used 93500K, committed 96832K, reserved 1179648K
  class space    used 9956K, committed 11712K, reserved 1048576K
}
Event: 125.197 GC heap before
{Heap before GC invocations=107 (full 0):
 garbage-first heap   total 212992K, used 191573K [0x00000000e0000000, 0x0000000100000000)
  region size 1024K, 111 young (113664K), 9 survivors (9216K)
 Metaspace       used 93873K, committed 97152K, reserved 1179648K
  class space    used 10008K, committed 11776K, reserved 1048576K
}
Event: 125.212 GC heap after
{Heap after GC invocations=108 (full 0):
 garbage-first heap   total 212992K, used 95969K [0x00000000e0000000, 0x0000000100000000)
  region size 1024K, 14 young (14336K), 14 survivors (14336K)
 Metaspace       used 93873K, committed 97152K, reserved 1179648K
  class space    used 10008K, committed 11776K, reserved 1048576K
}
Event: 125.539 GC heap before
{Heap before GC invocations=108 (full 0):
 garbage-first heap   total 212992K, used 187105K [0x00000000e0000000, 0x0000000100000000)
  region size 1024K, 103 young (105472K), 14 survivors (14336K)
 Metaspace       used 94505K, committed 97984K, reserved 1179648K
  class space    used 10126K, committed 12032K, reserved 1048576K
}
Event: 125.558 GC heap after
{Heap after GC invocations=109 (full 0):
 garbage-first heap   total 222208K, used 112769K [0x00000000e0000000, 0x0000000100000000)
  region size 1024K, 13 young (13312K), 13 survivors (13312K)
 Metaspace       used 94505K, committed 97984K, reserved 1179648K
  class space    used 10126K, committed 12032K, reserved 1048576K
}
Event: 126.153 GC heap before
{Heap before GC invocations=109 (full 0):
 garbage-first heap   total 222208K, used 188545K [0x00000000e0000000, 0x0000000100000000)
  region size 1024K, 87 young (89088K), 13 survivors (13312K)
 Metaspace       used 94764K, committed 98240K, reserved 1179648K
  class space    used 10175K, committed 12032K, reserved 1048576K
}
Event: 126.166 GC heap after
{Heap after GC invocations=110 (full 0):
 garbage-first heap   total 222208K, used 121856K [0x00000000e0000000, 0x0000000100000000)
  region size 1024K, 11 young (11264K), 11 survivors (11264K)
 Metaspace       used 94764K, committed 98240K, reserved 1179648K
  class space    used 10175K, committed 12032K, reserved 1048576K
}
Event: 126.620 GC heap before
{Heap before GC invocations=111 (full 0):
 garbage-first heap   total 239616K, used 191488K [0x00000000e0000000, 0x0000000100000000)
  region size 1024K, 79 young (80896K), 11 survivors (11264K)
 Metaspace       used 95038K, committed 98496K, reserved 1179648K
  class space    used 10204K, committed 12096K, reserved 1048576K
}
Event: 126.628 GC heap after
{Heap after GC invocations=112 (full 0):
 garbage-first heap   total 239616K, used 126030K [0x00000000e0000000, 0x0000000100000000)
  region size 1024K, 6 young (6144K), 6 survivors (6144K)
 Metaspace       used 95038K, committed 98496K, reserved 1179648K
  class space    used 10204K, committed 12096K, reserved 1048576K
}
Event: 126.981 GC heap before
{Heap before GC invocations=112 (full 0):
 garbage-first heap   total 239616K, used 203854K [0x00000000e0000000, 0x0000000100000000)
  region size 1024K, 82 young (83968K), 6 survivors (6144K)
 Metaspace       used 95053K, committed 98560K, reserved 1179648K
  class space    used 10208K, committed 12096K, reserved 1048576K
}
Event: 126.996 GC heap after
{Heap after GC invocations=113 (full 0):
 garbage-first heap   total 239616K, used 123618K [0x00000000e0000000, 0x0000000100000000)
  region size 1024K, 5 young (5120K), 5 survivors (5120K)
 Metaspace       used 95053K, committed 98560K, reserved 1179648K
  class space    used 10208K, committed 12096K, reserved 1048576K
}
Event: 131.224 GC heap before
{Heap before GC invocations=113 (full 0):
 garbage-first heap   total 239616K, used 206562K [0x00000000e0000000, 0x0000000100000000)
  region size 1024K, 86 young (88064K), 5 survivors (5120K)
 Metaspace       used 95880K, committed 99328K, reserved 1179648K
  class space    used 10329K, committed 12224K, reserved 1048576K
}
Event: 131.230 GC heap after
{Heap after GC invocations=114 (full 0):
 garbage-first heap   total 239616K, used 126251K [0x00000000e0000000, 0x0000000100000000)
  region size 1024K, 7 young (7168K), 7 survivors (7168K)
 Metaspace       used 95880K, committed 99328K, reserved 1179648K
  class space    used 10329K, committed 12224K, reserved 1048576K
}
Event: 132.246 GC heap before
{Heap before GC invocations=114 (full 0):
 garbage-first heap   total 239616K, used 191787K [0x00000000e0000000, 0x0000000100000000)
  region size 1024K, 72 young (73728K), 7 survivors (7168K)
 Metaspace       used 98030K, committed 101568K, reserved 1179648K
  class space    used 10694K, committed 12608K, reserved 1048576K
}
Event: 132.252 GC heap after
{Heap after GC invocations=115 (full 0):
 garbage-first heap   total 239616K, used 127172K [0x00000000e0000000, 0x0000000100000000)
  region size 1024K, 5 young (5120K), 5 survivors (5120K)
 Metaspace       used 98030K, committed 101568K, reserved 1179648K
  class space    used 10694K, committed 12608K, reserved 1048576K
}
Event: 132.864 GC heap before
{Heap before GC invocations=116 (full 0):
 garbage-first heap   total 239616K, used 208068K [0x00000000e0000000, 0x0000000100000000)
  region size 1024K, 88 young (90112K), 5 survivors (5120K)
 Metaspace       used 98349K, committed 101952K, reserved 1179648K
  class space    used 10740K, committed 12672K, reserved 1048576K
}
Event: 132.868 GC heap after
{Heap after GC invocations=117 (full 0):
 garbage-first heap   total 239616K, used 119963K [0x00000000e0000000, 0x0000000100000000)
  region size 1024K, 5 young (5120K), 5 survivors (5120K)
 Metaspace       used 98349K, committed 101952K, reserved 1179648K
  class space    used 10740K, committed 12672K, reserved 1048576K
}
Event: 133.283 GC heap before
{Heap before GC invocations=117 (full 0):
 garbage-first heap   total 239616K, used 217243K [0x00000000e0000000, 0x0000000100000000)
  region size 1024K, 97 young (99328K), 5 survivors (5120K)
 Metaspace       used 98443K, committed 102016K, reserved 1179648K
  class space    used 10752K, committed 12672K, reserved 1048576K
}
Event: 133.290 GC heap after
{Heap after GC invocations=118 (full 0):
 garbage-first heap   total 239616K, used 115057K [0x00000000e0000000, 0x0000000100000000)
  region size 1024K, 10 young (10240K), 10 survivors (10240K)
 Metaspace       used 98443K, committed 102016K, reserved 1179648K
  class space    used 10752K, committed 12672K, reserved 1048576K
}

