# JRE version: OpenJDK Runtime Environment Microsoft-10800201 (21.0.6+7) (build 21.0.6+7-LTS)
# Java VM: OpenJDK 64-Bit Server VM Microsoft-10800201 (21.0.6+7-LTS, mixed mode, sharing, tiered, compressed oops, compressed class ptrs, g1 gc, bsd-amd64)
GC Precious Log:
 CardTable entry size: 512
 Card Set container configuration: InlinePtr #cards 5 size 8 Array Of Cards #cards 12 size 40 Howl #buckets 4 coarsen threshold 1843 Howl Bitmap #cards 512 size 80 coarsen threshold 460 Card regions per heap region 1 cards per card region 2048
 CPUs: 14 total, 14 available
 Memory: 36864M
 Large Page Support: Disabled
 NUMA Support: Disabled
 Compressed Oops: Enabled (Zero based)
 Heap Region Size: 1M
 Heap Min Capacity: 8M
 Heap Initial Capacity: 512M
 Heap Max Capacity: 512M
 Pre-touch: Disabled
 Parallel Workers: 11
 Concurrent Workers: 3
 Concurrent Refinement Workers: 11
 Periodic GC: Disabled
Heap:
 garbage-first heap   total 142336K, used 90752K [0x00000007e0000000, 0x0000000800000000)
  region size 1024K, 11 young (11264K), 2 survivors (2048K)
 Metaspace       used 89943K, committed 92672K, reserved 1179648K
  class space    used 9577K, committed 10944K, reserved 1048576K
GC Heap History (20 events):
Event: 60.067 GC heap before
{Heap before GC invocations=128 (full 0):
 garbage-first heap   total 135168K, used 123107K [0x00000007e0000000, 0x0000000800000000)
  region size 1024K, 45 young (46080K), 3 survivors (3072K)
 Metaspace       used 87494K, committed 90112K, reserved 1179648K
  class space    used 9244K, committed 10560K, reserved 1048576K
}
Event: 60.069 GC heap after
{Heap after GC invocations=129 (full 0):
 garbage-first heap   total 135168K, used 80391K [0x00000007e0000000, 0x0000000800000000)
  region size 1024K, 3 young (3072K), 3 survivors (3072K)
 Metaspace       used 87494K, committed 90112K, reserved 1179648K
  class space    used 9244K, committed 10560K, reserved 1048576K
}
Event: 60.232 GC heap before
{Heap before GC invocations=129 (full 0):
 garbage-first heap   total 135168K, used 123399K [0x00000007e0000000, 0x0000000800000000)
  region size 1024K, 45 young (46080K), 3 survivors (3072K)
 Metaspace       used 87588K, committed 90176K, reserved 1179648K
  class space    used 9249K, committed 10560K, reserved 1048576K
}
Event: 60.235 GC heap after
{Heap after GC invocations=130 (full 0):
 garbage-first heap   total 135168K, used 79803K [0x00000007e0000000, 0x0000000800000000)
  region size 1024K, 3 young (3072K), 3 survivors (3072K)
 Metaspace       used 87588K, committed 90176K, reserved 1179648K
  class space    used 9249K, committed 10560K, reserved 1048576K
}
Event: 61.724 GC heap before
{Heap before GC invocations=130 (full 0):
 garbage-first heap   total 135168K, used 121787K [0x00000007e0000000, 0x0000000800000000)
  region size 1024K, 45 young (46080K), 3 survivors (3072K)
 Metaspace       used 88283K, committed 90880K, reserved 1179648K
  class space    used 9356K, committed 10688K, reserved 1048576K
}
Event: 61.728 GC heap after
{Heap after GC invocations=131 (full 0):
 garbage-first heap   total 135168K, used 81518K [0x00000007e0000000, 0x0000000800000000)
  region size 1024K, 5 young (5120K), 5 survivors (5120K)
 Metaspace       used 88283K, committed 90880K, reserved 1179648K
  class space    used 9356K, committed 10688K, reserved 1048576K
}
Event: 63.017 GC heap before
{Heap before GC invocations=132 (full 0):
 garbage-first heap   total 138240K, used 120430K [0x00000007e0000000, 0x0000000800000000)
  region size 1024K, 43 young (44032K), 5 survivors (5120K)
 Metaspace       used 88699K, committed 91328K, reserved 1179648K
  class space    used 9431K, committed 10752K, reserved 1048576K
}
Event: 63.019 GC heap after
{Heap after GC invocations=133 (full 0):
 garbage-first heap   total 138240K, used 82394K [0x00000007e0000000, 0x0000000800000000)
  region size 1024K, 5 young (5120K), 5 survivors (5120K)
 Metaspace       used 88699K, committed 91328K, reserved 1179648K
  class space    used 9431K, committed 10752K, reserved 1048576K
}
Event: 63.138 GC heap before
{Heap before GC invocations=133 (full 0):
 garbage-first heap   total 138240K, used 123354K [0x00000007e0000000, 0x0000000800000000)
  region size 1024K, 45 young (46080K), 5 survivors (5120K)
 Metaspace       used 89040K, committed 91712K, reserved 1179648K
  class space    used 9464K, committed 10816K, reserved 1048576K
}
Event: 63.140 GC heap after
{Heap after GC invocations=134 (full 0):
 garbage-first heap   total 138240K, used 80956K [0x00000007e0000000, 0x0000000800000000)
  region size 1024K, 2 young (2048K), 2 survivors (2048K)
 Metaspace       used 89040K, committed 91712K, reserved 1179648K
  class space    used 9464K, committed 10816K, reserved 1048576K
}
Event: 63.362 GC heap before
{Heap before GC invocations=134 (full 0):
 garbage-first heap   total 138240K, used 127036K [0x00000007e0000000, 0x0000000800000000)
  region size 1024K, 47 young (48128K), 2 survivors (2048K)
 Metaspace       used 89467K, committed 92160K, reserved 1179648K
  class space    used 9505K, committed 10880K, reserved 1048576K
}
Event: 63.364 GC heap after
{Heap after GC invocations=135 (full 0):
 garbage-first heap   total 138240K, used 81962K [0x00000007e0000000, 0x0000000800000000)
  region size 1024K, 3 young (3072K), 3 survivors (3072K)
 Metaspace       used 89467K, committed 92160K, reserved 1179648K
  class space    used 9505K, committed 10880K, reserved 1048576K
}
Event: 64.650 GC heap before
{Heap before GC invocations=136 (full 0):
 garbage-first heap   total 138240K, used 125994K [0x00000007e0000000, 0x0000000800000000)
  region size 1024K, 46 young (47104K), 3 survivors (3072K)
 Metaspace       used 89702K, committed 92480K, reserved 1179648K
  class space    used 9540K, committed 10944K, reserved 1048576K
}
Event: 64.653 GC heap after
{Heap after GC invocations=137 (full 0):
 garbage-first heap   total 138240K, used 83575K [0x00000007e0000000, 0x0000000800000000)
  region size 1024K, 5 young (5120K), 5 survivors (5120K)
 Metaspace       used 89702K, committed 92480K, reserved 1179648K
  class space    used 9540K, committed 10944K, reserved 1048576K
}
Event: 64.836 GC heap before
{Heap before GC invocations=137 (full 0):
 garbage-first heap   total 138240K, used 123511K [0x00000007e0000000, 0x0000000800000000)
  region size 1024K, 44 young (45056K), 5 survivors (5120K)
 Metaspace       used 89724K, committed 92480K, reserved 1179648K
  class space    used 9542K, committed 10944K, reserved 1048576K
}
Event: 64.838 GC heap after
{Heap after GC invocations=138 (full 0):
 garbage-first heap   total 138240K, used 81532K [0x00000007e0000000, 0x0000000800000000)
  region size 1024K, 2 young (2048K), 2 survivors (2048K)
 Metaspace       used 89724K, committed 92480K, reserved 1179648K
  class space    used 9542K, committed 10944K, reserved 1048576K
}
Event: 65.245 GC heap before
{Heap before GC invocations=138 (full 0):
 garbage-first heap   total 138240K, used 126588K [0x00000007e0000000, 0x0000000800000000)
  region size 1024K, 46 young (47104K), 2 survivors (2048K)
 Metaspace       used 89903K, committed 92608K, reserved 1179648K
  class space    used 9568K, committed 10944K, reserved 1048576K
}
Event: 65.247 GC heap after
{Heap after GC invocations=139 (full 0):
 garbage-first heap   total 138240K, used 83603K [0x00000007e0000000, 0x0000000800000000)
  region size 1024K, 4 young (4096K), 4 survivors (4096K)
 Metaspace       used 89903K, committed 92608K, reserved 1179648K
  class space    used 9568K, committed 10944K, reserved 1048576K
}
Event: 65.986 GC heap before
{Heap before GC invocations=140 (full 0):
 garbage-first heap   total 142336K, used 124563K [0x00000007e0000000, 0x0000000800000000)
  region size 1024K, 44 young (45056K), 4 survivors (4096K)
 Metaspace       used 89940K, committed 92672K, reserved 1179648K
  class space    used 9576K, committed 10944K, reserved 1048576K
}
Event: 65.988 GC heap after
{Heap after GC invocations=141 (full 0):
 garbage-first heap   total 142336K, used 82560K [0x00000007e0000000, 0x0000000800000000)
  region size 1024K, 2 young (2048K), 2 survivors (2048K)
 Metaspace       used 89940K, committed 92672K, reserved 1179648K
  class space    used 9576K, committed 10944K, reserved 1048576K
}

