<?xml version="1.0" encoding="UTF-8"?><testsuite errors="0" failures="1" name="uk.gov.hmcts.reform.prl.controllers.TaskListControllerIntegrationTest" skipped="0" tests="2" time="3.88" timestamp="2021-12-21 12:12:13"><testcase classname="uk.gov.hmcts.reform.prl.controllers.TaskListControllerIntegrationTest" name="When invalid request format return400"/><testcase classname="uk.gov.hmcts.reform.prl.controllers.TaskListControllerIntegrationTest" name="When valid request format return200"><failure message="expected:&lt;200&gt; but was:&lt;500&gt;" type="java.lang.AssertionError">expected:&lt;200&gt; but was:&lt;500&gt;</failure><system-err>expected:&lt;200&gt; but was:&lt;500&gt;
uk.gov.hmcts.reform.prl.controllers.TaskListControllerIntegrationTest.whenValidRequestFormat_Return200(TaskListControllerIntegrationTest.java:47)
org.springframework.test.context.junit4.statements.RunBeforeTestMethodCallbacks.evaluate(RunBeforeTestMethodCallbacks.java:75)
org.springframework.test.context.junit4.statements.RunAfterTestMethodCallbacks.evaluate(RunAfterTestMethodCallbacks.java:86)
</system-err></testcase></testsuite>