<?xml version="1.0" encoding="UTF-8"?><testsuite errors="0" failures="1" name="uk.gov.hmcts.reform.prl.controllers.FeeAndPayServiceRequestControllerIntegrationTest" skipped="1" tests="3" time="2.1" timestamp="2021-12-23 01:23:15"><testcase classname="uk.gov.hmcts.reform.prl.controllers.FeeAndPayServiceRequestControllerIntegrationTest" name="When invalid request format return400"/><testcase classname="uk.gov.hmcts.reform.prl.controllers.FeeAndPayServiceRequestControllerIntegrationTest" name="Return200 for healthcheck for payment api"><failure message="expected:&lt;502&gt; but was:&lt;200&gt;" type="java.lang.AssertionError">expected:&lt;502&gt; but was:&lt;200&gt;</failure><system-err>expected:&lt;502&gt; but was:&lt;200&gt;
uk.gov.hmcts.reform.prl.controllers.FeeAndPayServiceRequestControllerIntegrationTest.return200ForHealthcheckForPaymentApi(FeeAndPayServiceRequestControllerIntegrationTest.java:85)
org.springframework.test.context.junit4.statements.RunBeforeTestMethodCallbacks.evaluate(RunBeforeTestMethodCallbacks.java:75)
org.springframework.test.context.junit4.statements.RunAfterTestMethodCallbacks.evaluate(RunAfterTestMethodCallbacks.java:86)
org.springframework.test.context.junit4.statements.RunBeforeTestClassCallbacks.evaluate(RunBeforeTestClassCallbacks.java:61)
org.springframework.test.context.junit4.statements.RunAfterTestClassCallbacks.evaluate(RunAfterTestClassCallbacks.java:70)
</system-err></testcase><testcase classname="uk.gov.hmcts.reform.prl.controllers.FeeAndPayServiceRequestControllerIntegrationTest" name="When valid request format return200"><skipped/></testcase></testsuite>