<?xml version="1.0" encoding="UTF-8"?><testsuite errors="0" failures="1" name="uk.gov.hmcts.reform.prl.controllers.CaseInitiationControllerIntegrationTest" skipped="0" tests="1" time="13.5" timestamp="2022-03-16 05:07:03"><testcase classname="uk.gov.hmcts.reform.prl.controllers.CaseInitiationControllerIntegrationTest" name="When valid request format return200"><failure message="expected:&lt;200&gt; but was:&lt;500&gt;" type="java.lang.AssertionError">expected:&lt;200&gt; but was:&lt;500&gt;</failure><system-err>expected:&lt;200&gt; but was:&lt;500&gt;
uk.gov.hmcts.reform.prl.controllers.CaseInitiationControllerIntegrationTest.whenValidRequestFormat_Return200(CaseInitiationControllerIntegrationTest.java:56)
org.springframework.test.context.junit4.statements.RunBeforeTestMethodCallbacks.evaluate(RunBeforeTestMethodCallbacks.java:75)
org.springframework.test.context.junit4.statements.RunAfterTestMethodCallbacks.evaluate(RunAfterTestMethodCallbacks.java:86)
</system-err></testcase></testsuite>