<?xml version="1.0" encoding="UTF-8"?><testsuite errors="1" failures="1" name="uk.gov.hmcts.reform.prl.controllers.FeeAndPayServiceRequestControllerIntegrationTest" skipped="0" tests="2" time="6.81" timestamp="2021-12-21 12:03:47"><testcase classname="uk.gov.hmcts.reform.prl.controllers.FeeAndPayServiceRequestControllerIntegrationTest" name="When invalid request format return400"><failure message="expected:&lt;415&gt; but was:&lt;400&gt;" type="java.lang.AssertionError">expected:&lt;415&gt; but was:&lt;400&gt;</failure><system-err>expected:&lt;415&gt; but was:&lt;400&gt;
uk.gov.hmcts.reform.prl.controllers.FeeAndPayServiceRequestControllerIntegrationTest.whenInvalidRequestFormat_Return400(FeeAndPayServiceRequestControllerIntegrationTest.java:34)
org.springframework.test.context.junit4.statements.RunBeforeTestMethodCallbacks.evaluate(RunBeforeTestMethodCallbacks.java:75)
org.springframework.test.context.junit4.statements.RunAfterTestMethodCallbacks.evaluate(RunAfterTestMethodCallbacks.java:86)
</system-err></testcase><testcase classname="uk.gov.hmcts.reform.prl.controllers.FeeAndPayServiceRequestControllerIntegrationTest" name="When valid request format return200"><error message="Token generation failed with code: 401 body: {&#10;    &quot;error&quot;: &quot;Wrong user and/or password&quot;,&#10;    &quot;code&quot;: &quot;INCORRECT_CREDENTIALS&quot;&#10;}" type="java.lang.IllegalStateException">Token generation failed with code: 401 body: {
    "error": "Wrong user and/or password",
    "code": "INCORRECT_CREDENTIALS"
}</error><system-err>Token generation failed with code: 401 body: {
    "error": "Wrong user and/or password",
    "code": "INCORRECT_CREDENTIALS"
}
uk.gov.hmcts.reform.prl.IntegrationTest.generateUserTokenWithNoRoles(IntegrationTest.java:146)
uk.gov.hmcts.reform.prl.IntegrationTest.getUserToken(IntegrationTest.java:105)
uk.gov.hmcts.reform.prl.IntegrationTest.getAuthorizationToken(IntegrationTest.java:112)
uk.gov.hmcts.reform.prl.controllers.FeeAndPayServiceRequestControllerIntegrationTest.whenValidRequestFormat_Return200(FeeAndPayServiceRequestControllerIntegrationTest.java:44)
org.springframework.test.context.junit4.statements.RunBeforeTestMethodCallbacks.evaluate(RunBeforeTestMethodCallbacks.java:75)
org.springframework.test.context.junit4.statements.RunAfterTestMethodCallbacks.evaluate(RunAfterTestMethodCallbacks.java:86)
</system-err></testcase></testsuite>