<?xml version="1.0" encoding="UTF-8"?><testsuite errors="0" failures="0" name="uk.gov.hmcts.reform.prl.controllers.CourtFinderControllerIntegrationTest" skipped="0" tests="3" time="20.08" timestamp="2022-01-31 08:50:55"><testcase classname="uk.gov.hmcts.reform.prl.controllers.CourtFinderControllerIntegrationTest" name="Court finder end point returns case data with court details"/><testcase classname="uk.gov.hmcts.reform.prl.controllers.CourtFinderControllerIntegrationTest" name="Endpoint returns400 with invalid request"/><testcase classname="uk.gov.hmcts.reform.prl.controllers.CourtFinderControllerIntegrationTest" name="Endpoint returns200 with valid request"/></testsuite>