<?xml version="1.0" encoding="UTF-8"?><testsuite errors="2" failures="0" name="uk.gov.hmcts.reform.prl.controllers.FeeAndPayServiceRequestControllerIntegrationTest" skipped="0" tests="2" time="2.7" timestamp="2021-12-20 09:28:39"><testcase classname="uk.gov.hmcts.reform.prl.controllers.FeeAndPayServiceRequestControllerIntegrationTest" name="When invalid request format return400"><error message="Failed to load ApplicationContext" type="java.lang.IllegalStateException">Failed to load ApplicationContext</error><system-err>Failed to load ApplicationContext
org.springframework.test.context.cache.DefaultCacheAwareContextLoaderDelegate.loadContext(DefaultCacheAwareContextLoaderDelegate.java:132)
org.springframework.test.context.support.DefaultTestContext.getApplicationContext(DefaultTestContext.java:124)
org.springframework.test.context.web.ServletTestExecutionListener.setUpRequestContextIfNecessary(ServletTestExecutionListener.java:190)
org.springframework.test.context.web.ServletTestExecutionListener.prepareTestInstance(ServletTestExecutionListener.java:132)
org.springframework.test.context.TestContextManager.prepareTestInstance(TestContextManager.java:244)
</system-err></testcase><testcase classname="uk.gov.hmcts.reform.prl.controllers.FeeAndPayServiceRequestControllerIntegrationTest" name="When valid request format return200"><error message="Failed to load ApplicationContext" type="java.lang.IllegalStateException">Failed to load ApplicationContext</error><system-err>Failed to load ApplicationContext
org.springframework.test.context.cache.DefaultCacheAwareContextLoaderDelegate.loadContext(DefaultCacheAwareContextLoaderDelegate.java:132)
org.springframework.test.context.support.DefaultTestContext.getApplicationContext(DefaultTestContext.java:124)
org.springframework.test.context.web.ServletTestExecutionListener.setUpRequestContextIfNecessary(ServletTestExecutionListener.java:190)
org.springframework.test.context.web.ServletTestExecutionListener.prepareTestInstance(ServletTestExecutionListener.java:132)
org.springframework.test.context.TestContextManager.prepareTestInstance(TestContextManager.java:244)
</system-err></testcase></testsuite>