<?xml version="1.0" encoding="UTF-8"?><testsuite errors="0" failures="0" name="uk.gov.hmcts.reform.prl.controllers.CaseInitiationControllerIntegrationTest" skipped="0" tests="2" time="4.12" timestamp="2021-12-16 01:47:06"><testcase classname="uk.gov.hmcts.reform.prl.controllers.CaseInitiationControllerIntegrationTest" name="When invalid request format return400"/><testcase classname="uk.gov.hmcts.reform.prl.controllers.CaseInitiationControllerIntegrationTest" name="When valid request format return200"/></testsuite>