<?xml version="1.0" encoding="UTF-8"?><testsuite errors="0" failures="0" name="uk.gov.hmcts.reform.prl.controllers.TaskListControllerIntegrationTest" skipped="0" tests="2" time="8.75" timestamp="2021-12-16 04:38:18"><testcase classname="uk.gov.hmcts.reform.prl.controllers.TaskListControllerIntegrationTest" name="When invalid request format return400"/><testcase classname="uk.gov.hmcts.reform.prl.controllers.TaskListControllerIntegrationTest" name="When valid request format return200"/></testsuite>