<?xml version="1.0" encoding="UTF-8"?><testsuite errors="1" failures="0" name="uk.gov.hmcts.reform.prl.controllers.TaskListControllerIntegrationTest" skipped="0" tests="1" time="14.77" timestamp="2022-03-16 06:40:52"><testcase classname="uk.gov.hmcts.reform.prl.controllers.TaskListControllerIntegrationTest" name="When valid request format return200"><error message="[415 Unsupported Media Type] during [POST] to [https://idam-api.aat.platform.hmcts.net/o/token] [IdamApi#generateOpenIdToken(TokenRequest)]: []" type="feign.FeignException$UnsupportedMediaType">[415 Unsupported Media Type] during [POST] to [https://idam-api.aat.platform.hmcts.net/o/token] [IdamApi#generateOpenIdToken(TokenRequest)]: []</error><system-err>[415 Unsupported Media Type] during [POST] to [https://idam-api.aat.platform.hmcts.net/o/token] [IdamApi#generateOpenIdToken(TokenRequest)]: []
feign.FeignException.clientErrorStatus(FeignException.java:211)
feign.FeignException.errorStatus(FeignException.java:177)
feign.FeignException.errorStatus(FeignException.java:169)
feign.AsyncResponseHandler.handleResponse(AsyncResponseHandler.java:96)
feign.SynchronousMethodHandler.executeAndDecode(SynchronousMethodHandler.java:138)
feign.SynchronousMethodHandler.invoke(SynchronousMethodHandler.java:89)
uk.gov.hmcts.reform.idam.client.IdamClient.getAccessTokenResponse(IdamClient.java:53)
uk.gov.hmcts.reform.idam.client.IdamClient.getAccessToken(IdamClient.java:68)
uk.gov.hmcts.reform.prl.util.IdamTokenGenerator.generateIdamTokenForSolicitor(IdamTokenGenerator.java:30)
uk.gov.hmcts.reform.prl.controllers.TaskListControllerIntegrationTest.whenValidRequestFormat_Return200(TaskListControllerIntegrationTest.java:49)
org.springframework.test.context.junit4.statements.RunBeforeTestMethodCallbacks.evaluate(RunBeforeTestMethodCallbacks.java:75)
org.springframework.test.context.junit4.statements.RunAfterTestMethodCallbacks.evaluate(RunAfterTestMethodCallbacks.java:86)
</system-err></testcase></testsuite>