<?xml version="1.0" encoding="UTF-8"?><testsuite errors="1" failures="0" name="uk.gov.hmcts.reform.prl.controllers.CallbackControllerTest" skipped="0" tests="1" time="6.81" timestamp="2022-01-10 07:18:48"><testcase classname="uk.gov.hmcts.reform.prl.controllers.CallbackControllerTest" name="Send email"><error message="Connect to localhost:4044 [localhost/127.0.0.1, localhost/0:0:0:0:0:0:0:1] failed: Connection refused" type="org.apache.http.conn.HttpHostConnectException">Connect to localhost:4044 [localhost/127.0.0.1, localhost/0:0:0:0:0:0:0:1] failed: Connection refused</error><system-err>Connect to localhost:4044 [localhost/127.0.0.1, localhost/0:0:0:0:0:0:0:1] failed: Connection refused
org.apache.http.impl.conn.DefaultHttpClientConnectionOperator.connect(DefaultHttpClientConnectionOperator.java:156)
org.apache.http.impl.conn.PoolingHttpClientConnectionManager.connect(PoolingHttpClientConnectionManager.java:376)
org.apache.http.impl.execchain.MainClientExec.establishRoute(MainClientExec.java:393)
org.apache.http.impl.execchain.MainClientExec.execute(MainClientExec.java:236)
org.apache.http.impl.execchain.ProtocolExec.execute(ProtocolExec.java:186)
org.apache.http.impl.execchain.RetryExec.execute(RetryExec.java:89)
org.apache.http.impl.execchain.RedirectExec.execute(RedirectExec.java:110)
org.apache.http.impl.client.InternalHttpClient.doExecute(InternalHttpClient.java:185)
org.apache.http.impl.client.CloseableHttpClient.execute(CloseableHttpClient.java:83)
org.apache.http.impl.client.CloseableHttpClient.execute(CloseableHttpClient.java:108)
org.apache.http.impl.client.CloseableHttpClient.execute(CloseableHttpClient.java:56)
feign.httpclient.ApacheHttpClient.execute(ApacheHttpClient.java:83)
feign.SynchronousMethodHandler.executeAndDecode(SynchronousMethodHandler.java:119)
feign.SynchronousMethodHandler.invoke(SynchronousMethodHandler.java:89)
uk.gov.hmcts.reform.prl.controllers.CallbackControllerTest.sendEmail(CallbackControllerTest.java:22)
org.springframework.test.context.junit4.statements.RunBeforeTestMethodCallbacks.evaluate(RunBeforeTestMethodCallbacks.java:75)
org.springframework.test.context.junit4.statements.RunAfterTestMethodCallbacks.evaluate(RunAfterTestMethodCallbacks.java:86)
</system-err></testcase></testsuite>