<?xml version="1.0" encoding="UTF-8"?><testsuite errors="0" failures="0" name="uk.gov.hmcts.reform.prl.controllers.CallbackControllerIntegrationTest" skipped="0" tests="3" time="6.1" timestamp="2022-03-16 04:56:25"><testcase classname="uk.gov.hmcts.reform.prl.controllers.CallbackControllerIntegrationTest" name="Test health for dgs api"/><testcase classname="uk.gov.hmcts.reform.prl.controllers.CallbackControllerIntegrationTest" name="Given request body and invalid url return status404"/><testcase classname="uk.gov.hmcts.reform.prl.controllers.CallbackControllerIntegrationTest" name="Test document generate return200"/></testsuite>