<?xml version="1.0" encoding="UTF-8"?><testsuite errors="3" failures="0" name="uk.gov.hmcts.reform.prl.controllers.CallbackControllerIntegrationTest" skipped="1" tests="4" time="2.74" timestamp="2022-03-04 03:51:22"><testcase classname="uk.gov.hmcts.reform.prl.controllers.CallbackControllerIntegrationTest" name="Test health for dgs api"><error message="Error creating bean with name 'callbackControllerIntegrationTest': Injection of autowired dependencies failed; nested exception is java.lang.IllegalArgumentException: Could not resolve placeholder 'idam.client.clientId' in value &#34;${idam.client.clientId}&#34;" type="org.springframework.beans.factory.BeanCreationException">Error creating bean with name 'callbackControllerIntegrationTest': Injection of autowired dependencies failed; nested exception is java.lang.IllegalArgumentException: Could not resolve placeholder 'idam.client.clientId' in value "${idam.client.clientId}"</error><system-err>Error creating bean with name 'callbackControllerIntegrationTest': Injection of autowired dependencies failed; nested exception is java.lang.IllegalArgumentException: Could not resolve placeholder 'idam.client.clientId' in value "${idam.client.clientId}"
org.springframework.beans.factory.annotation.AutowiredAnnotationBeanPostProcessor.postProcessProperties(AutowiredAnnotationBeanPostProcessor.java:405)
org.springframework.beans.factory.support.AbstractAutowireCapableBeanFactory.populateBean(AbstractAutowireCapableBeanFactory.java:1413)
org.springframework.beans.factory.support.AbstractAutowireCapableBeanFactory.doCreateBean(AbstractAutowireCapableBeanFactory.java:601)
org.springframework.beans.factory.support.AbstractAutowireCapableBeanFactory.createBean(AbstractAutowireCapableBeanFactory.java:524)
org.springframework.beans.factory.support.AbstractBeanFactory.lambda$doGetBean$0(AbstractBeanFactory.java:335)
org.springframework.beans.factory.support.DefaultSingletonBeanRegistry.getSingleton(DefaultSingletonBeanRegistry.java:234)
org.springframework.beans.factory.support.AbstractBeanFactory.doGetBean(AbstractBeanFactory.java:333)
org.springframework.beans.factory.support.AbstractBeanFactory.getBean(AbstractBeanFactory.java:208)
org.springframework.beans.factory.support.DefaultListableBeanFactory.preInstantiateSingletons(DefaultListableBeanFactory.java:944)
org.springframework.context.support.AbstractApplicationContext.finishBeanFactoryInitialization(AbstractApplicationContext.java:918)
org.springframework.context.support.AbstractApplicationContext.refresh(AbstractApplicationContext.java:583)
org.springframework.boot.SpringApplication.refresh(SpringApplication.java:754)
org.springframework.boot.SpringApplication.refreshContext(SpringApplication.java:434)
org.springframework.boot.SpringApplication.run(SpringApplication.java:338)
org.springframework.boot.test.context.SpringBootContextLoader.loadContext(SpringBootContextLoader.java:123)
org.springframework.test.context.cache.DefaultCacheAwareContextLoaderDelegate.loadContextInternal(DefaultCacheAwareContextLoaderDelegate.java:99)
org.springframework.test.context.cache.DefaultCacheAwareContextLoaderDelegate.loadContext(DefaultCacheAwareContextLoaderDelegate.java:124)
org.springframework.test.context.support.DefaultTestContext.getApplicationContext(DefaultTestContext.java:124)
org.springframework.test.context.web.ServletTestExecutionListener.setUpRequestContextIfNecessary(ServletTestExecutionListener.java:190)
org.springframework.test.context.web.ServletTestExecutionListener.prepareTestInstance(ServletTestExecutionListener.java:132)
org.springframework.test.context.TestContextManager.prepareTestInstance(TestContextManager.java:244)
org.springframework.test.context.junit4.statements.RunBeforeTestClassCallbacks.evaluate(RunBeforeTestClassCallbacks.java:61)
org.springframework.test.context.junit4.statements.RunAfterTestClassCallbacks.evaluate(RunAfterTestClassCallbacks.java:70)
</system-err></testcase><testcase classname="uk.gov.hmcts.reform.prl.controllers.CallbackControllerIntegrationTest" name="Given request body and invalid url return status404"><error message="Error creating bean with name 'callbackControllerIntegrationTest': Injection of autowired dependencies failed; nested exception is java.lang.IllegalArgumentException: Could not resolve placeholder 'idam.client.clientId' in value &#34;${idam.client.clientId}&#34;" type="org.springframework.beans.factory.BeanCreationException">Error creating bean with name 'callbackControllerIntegrationTest': Injection of autowired dependencies failed; nested exception is java.lang.IllegalArgumentException: Could not resolve placeholder 'idam.client.clientId' in value "${idam.client.clientId}"</error><system-err>Error creating bean with name 'callbackControllerIntegrationTest': Injection of autowired dependencies failed; nested exception is java.lang.IllegalArgumentException: Could not resolve placeholder 'idam.client.clientId' in value "${idam.client.clientId}"
org.springframework.beans.factory.annotation.AutowiredAnnotationBeanPostProcessor.postProcessProperties(AutowiredAnnotationBeanPostProcessor.java:405)
org.springframework.beans.factory.support.AbstractAutowireCapableBeanFactory.populateBean(AbstractAutowireCapableBeanFactory.java:1413)
org.springframework.beans.factory.support.AbstractAutowireCapableBeanFactory.doCreateBean(AbstractAutowireCapableBeanFactory.java:601)
org.springframework.beans.factory.support.AbstractAutowireCapableBeanFactory.createBean(AbstractAutowireCapableBeanFactory.java:524)
org.springframework.beans.factory.support.AbstractBeanFactory.lambda$doGetBean$0(AbstractBeanFactory.java:335)
org.springframework.beans.factory.support.DefaultSingletonBeanRegistry.getSingleton(DefaultSingletonBeanRegistry.java:234)
org.springframework.beans.factory.support.AbstractBeanFactory.doGetBean(AbstractBeanFactory.java:333)
org.springframework.beans.factory.support.AbstractBeanFactory.getBean(AbstractBeanFactory.java:208)
org.springframework.beans.factory.support.DefaultListableBeanFactory.preInstantiateSingletons(DefaultListableBeanFactory.java:944)
org.springframework.context.support.AbstractApplicationContext.finishBeanFactoryInitialization(AbstractApplicationContext.java:918)
org.springframework.context.support.AbstractApplicationContext.refresh(AbstractApplicationContext.java:583)
org.springframework.boot.SpringApplication.refresh(SpringApplication.java:754)
org.springframework.boot.SpringApplication.refreshContext(SpringApplication.java:434)
org.springframework.boot.SpringApplication.run(SpringApplication.java:338)
org.springframework.boot.test.context.SpringBootContextLoader.loadContext(SpringBootContextLoader.java:123)
org.springframework.test.context.cache.DefaultCacheAwareContextLoaderDelegate.loadContextInternal(DefaultCacheAwareContextLoaderDelegate.java:99)
org.springframework.test.context.cache.DefaultCacheAwareContextLoaderDelegate.loadContext(DefaultCacheAwareContextLoaderDelegate.java:124)
org.springframework.test.context.support.DefaultTestContext.getApplicationContext(DefaultTestContext.java:124)
org.springframework.test.context.web.ServletTestExecutionListener.setUpRequestContextIfNecessary(ServletTestExecutionListener.java:190)
org.springframework.test.context.web.ServletTestExecutionListener.prepareTestInstance(ServletTestExecutionListener.java:132)
org.springframework.test.context.TestContextManager.prepareTestInstance(TestContextManager.java:244)
org.springframework.test.context.junit4.statements.RunBeforeTestClassCallbacks.evaluate(RunBeforeTestClassCallbacks.java:61)
org.springframework.test.context.junit4.statements.RunAfterTestClassCallbacks.evaluate(RunAfterTestClassCallbacks.java:70)
</system-err></testcase><testcase classname="uk.gov.hmcts.reform.prl.controllers.CallbackControllerIntegrationTest" name="Send email"><skipped/></testcase><testcase classname="uk.gov.hmcts.reform.prl.controllers.CallbackControllerIntegrationTest" name="Test document generate return200"><error message="Error creating bean with name 'callbackControllerIntegrationTest': Injection of autowired dependencies failed; nested exception is java.lang.IllegalArgumentException: Could not resolve placeholder 'idam.client.clientId' in value &#34;${idam.client.clientId}&#34;" type="org.springframework.beans.factory.BeanCreationException">Error creating bean with name 'callbackControllerIntegrationTest': Injection of autowired dependencies failed; nested exception is java.lang.IllegalArgumentException: Could not resolve placeholder 'idam.client.clientId' in value "${idam.client.clientId}"</error><system-err>Error creating bean with name 'callbackControllerIntegrationTest': Injection of autowired dependencies failed; nested exception is java.lang.IllegalArgumentException: Could not resolve placeholder 'idam.client.clientId' in value "${idam.client.clientId}"
org.springframework.beans.factory.annotation.AutowiredAnnotationBeanPostProcessor.postProcessProperties(AutowiredAnnotationBeanPostProcessor.java:405)
org.springframework.beans.factory.support.AbstractAutowireCapableBeanFactory.populateBean(AbstractAutowireCapableBeanFactory.java:1413)
org.springframework.beans.factory.support.AbstractAutowireCapableBeanFactory.doCreateBean(AbstractAutowireCapableBeanFactory.java:601)
org.springframework.beans.factory.support.AbstractAutowireCapableBeanFactory.createBean(AbstractAutowireCapableBeanFactory.java:524)
org.springframework.beans.factory.support.AbstractBeanFactory.lambda$doGetBean$0(AbstractBeanFactory.java:335)
org.springframework.beans.factory.support.DefaultSingletonBeanRegistry.getSingleton(DefaultSingletonBeanRegistry.java:234)
org.springframework.beans.factory.support.AbstractBeanFactory.doGetBean(AbstractBeanFactory.java:333)
org.springframework.beans.factory.support.AbstractBeanFactory.getBean(AbstractBeanFactory.java:208)
org.springframework.beans.factory.support.DefaultListableBeanFactory.preInstantiateSingletons(DefaultListableBeanFactory.java:944)
org.springframework.context.support.AbstractApplicationContext.finishBeanFactoryInitialization(AbstractApplicationContext.java:918)
org.springframework.context.support.AbstractApplicationContext.refresh(AbstractApplicationContext.java:583)
org.springframework.boot.SpringApplication.refresh(SpringApplication.java:754)
org.springframework.boot.SpringApplication.refreshContext(SpringApplication.java:434)
org.springframework.boot.SpringApplication.run(SpringApplication.java:338)
org.springframework.boot.test.context.SpringBootContextLoader.loadContext(SpringBootContextLoader.java:123)
org.springframework.test.context.cache.DefaultCacheAwareContextLoaderDelegate.loadContextInternal(DefaultCacheAwareContextLoaderDelegate.java:99)
org.springframework.test.context.cache.DefaultCacheAwareContextLoaderDelegate.loadContext(DefaultCacheAwareContextLoaderDelegate.java:124)
org.springframework.test.context.support.DefaultTestContext.getApplicationContext(DefaultTestContext.java:124)
org.springframework.test.context.web.ServletTestExecutionListener.setUpRequestContextIfNecessary(ServletTestExecutionListener.java:190)
org.springframework.test.context.web.ServletTestExecutionListener.prepareTestInstance(ServletTestExecutionListener.java:132)
org.springframework.test.context.TestContextManager.prepareTestInstance(TestContextManager.java:244)
org.springframework.test.context.junit4.statements.RunBeforeTestClassCallbacks.evaluate(RunBeforeTestClassCallbacks.java:61)
org.springframework.test.context.junit4.statements.RunAfterTestClassCallbacks.evaluate(RunAfterTestClassCallbacks.java:70)
</system-err></testcase></testsuite>