<?xml version="1.0" encoding="UTF-8"?><testsuite errors="1" failures="0" name="uk.gov.hmcts.reform.prl.controllers.PrePopulateFeeAndSolicitorNameControllerFunctionalTest" skipped="0" tests="1" time="0.18" timestamp="2022-03-14 05:42:56"><testcase classname="uk.gov.hmcts.reform.prl.controllers.PrePopulateFeeAndSolicitorNameControllerFunctionalTest" name="Given valid auth details and C100 case when end point called response contains fee info"><error message="Cannot invoke &#34;uk.gov.hmcts.reform.prl.services.SystemUserService.getSysUserToken()&#34; because &#34;this.systemUserService&#34; is null" type="java.lang.NullPointerException">Cannot invoke "uk.gov.hmcts.reform.prl.services.SystemUserService.getSysUserToken()" because "this.systemUserService" is null</error><system-err>Cannot invoke "uk.gov.hmcts.reform.prl.services.SystemUserService.getSysUserToken()" because "this.systemUserService" is null
uk.gov.hmcts.reform.prl.utils.FunctionalTest.getValidToken(FunctionalTest.java:19)
uk.gov.hmcts.reform.prl.controllers.PrePopulateFeeAndSolicitorNameControllerFunctionalTest.givenValidAuthDetailsAndC100Case_whenEndPointCalled_ResponseContainsFeeInfo(PrePopulateFeeAndSolicitorNameControllerFunctionalTest.java:29)
</system-err></testcase></testsuite>