<?xml version="1.0" encoding="UTF-8"?><testsuite errors="1" failures="0" name="uk.gov.hmcts.reform.prl.controllers.PrePopulateFeeAndSolicitorControllerIntegrationTest" skipped="1" tests="2" time="0.02" timestamp="2022-03-04 03:51:38"><testcase classname="uk.gov.hmcts.reform.prl.controllers.PrePopulateFeeAndSolicitorControllerIntegrationTest" name="Given empty request body return status400"><error message="Could not resolve placeholder 'idam.client.clientId' in value &#34;${idam.client.clientId}&#34;" type="java.lang.IllegalArgumentException">Could not resolve placeholder 'idam.client.clientId' in value "${idam.client.clientId}"</error><system-err>Could not resolve placeholder 'idam.client.clientId' in value "${idam.client.clientId}"
org.springframework.util.PropertyPlaceholderHelper.parseStringValue(PropertyPlaceholderHelper.java:180)
org.springframework.util.PropertyPlaceholderHelper.replacePlaceholders(PropertyPlaceholderHelper.java:126)
org.springframework.core.env.AbstractPropertyResolver.doResolvePlaceholders(AbstractPropertyResolver.java:239)
org.springframework.core.env.AbstractPropertyResolver.resolveRequiredPlaceholders(AbstractPropertyResolver.java:210)
org.springframework.context.support.PropertySourcesPlaceholderConfigurer.lambda$processProperties$0(PropertySourcesPlaceholderConfigurer.java:175)
org.springframework.beans.factory.support.AbstractBeanFactory.resolveEmbeddedValue(AbstractBeanFactory.java:936)
org.springframework.beans.factory.support.DefaultListableBeanFactory.doResolveDependency(DefaultListableBeanFactory.java:1321)
org.springframework.beans.factory.support.DefaultListableBeanFactory.resolveDependency(DefaultListableBeanFactory.java:1300)
org.springframework.beans.factory.annotation.InjectionMetadata.inject(InjectionMetadata.java:119)
org.springframework.beans.factory.annotation.AutowiredAnnotationBeanPostProcessor.postProcessProperties(AutowiredAnnotationBeanPostProcessor.java:399)
org.springframework.beans.factory.support.AbstractAutowireCapableBeanFactory.populateBean(AbstractAutowireCapableBeanFactory.java:1413)
org.springframework.beans.factory.support.AbstractAutowireCapableBeanFactory.autowireBeanProperties(AbstractAutowireCapableBeanFactory.java:399)
org.springframework.test.context.support.DependencyInjectionTestExecutionListener.injectDependencies(DependencyInjectionTestExecutionListener.java:119)
org.springframework.test.context.support.DependencyInjectionTestExecutionListener.prepareTestInstance(DependencyInjectionTestExecutionListener.java:83)
org.springframework.boot.test.autoconfigure.SpringBootDependencyInjectionTestExecutionListener.prepareTestInstance(SpringBootDependencyInjectionTestExecutionListener.java:43)
org.springframework.test.context.TestContextManager.prepareTestInstance(TestContextManager.java:244)
org.springframework.test.context.junit4.statements.RunBeforeTestClassCallbacks.evaluate(RunBeforeTestClassCallbacks.java:61)
org.springframework.test.context.junit4.statements.RunAfterTestClassCallbacks.evaluate(RunAfterTestClassCallbacks.java:70)
</system-err></testcase><testcase classname="uk.gov.hmcts.reform.prl.controllers.PrePopulateFeeAndSolicitorControllerIntegrationTest" name="Given template and json input return status200"><skipped/></testcase></testsuite>