<?xml version="1.0" encoding="UTF-8"?><testsuite errors="0" failures="0" name="uk.gov.hmcts.reform.prl.controllers.PrePopulateFeeAndSolicitorControllerIntegrationTest" skipped="0" tests="2" time="3.25" timestamp="2021-12-23 01:23:21"><testcase classname="uk.gov.hmcts.reform.prl.controllers.PrePopulateFeeAndSolicitorControllerIntegrationTest" name="Given empty request body return status400"/><testcase classname="uk.gov.hmcts.reform.prl.controllers.PrePopulateFeeAndSolicitorControllerIntegrationTest" name="Given template and json input return status200"/></testsuite>