<?xml version="1.0" encoding="UTF-8"?><testsuite errors="0" failures="2" name="uk.gov.hmcts.reform.prl.controllers.ServiceRequestUpdateCallbackControllerIntegrationTest" skipped="0" tests="2" time="8.96" timestamp="2021-12-21 04:19:08"><testcase classname="uk.gov.hmcts.reform.prl.controllers.ServiceRequestUpdateCallbackControllerIntegrationTest" name="When invalid request format return400"><failure message="expected:&lt;415&gt; but was:&lt;400&gt;" type="java.lang.AssertionError">expected:&lt;415&gt; but was:&lt;400&gt;</failure><system-err>expected:&lt;415&gt; but was:&lt;400&gt;
uk.gov.hmcts.reform.prl.controllers.ServiceRequestUpdateCallbackControllerIntegrationTest.whenInvalidRequestFormat_Return400(ServiceRequestUpdateCallbackControllerIntegrationTest.java:36)
org.springframework.test.context.junit4.statements.RunBeforeTestMethodCallbacks.evaluate(RunBeforeTestMethodCallbacks.java:75)
org.springframework.test.context.junit4.statements.RunAfterTestMethodCallbacks.evaluate(RunAfterTestMethodCallbacks.java:86)
</system-err></testcase><testcase classname="uk.gov.hmcts.reform.prl.controllers.ServiceRequestUpdateCallbackControllerIntegrationTest" name="When valid request format return200"><failure message="Error generating code from IDAM: 400" type="java.lang.AssertionError">Error generating code from IDAM: 400</failure><system-err>Error generating code from IDAM: 400
uk.gov.hmcts.reform.prl.IntegrationTest.generateUserTokenWithNoRoles(IntegrationTest.java:154)
uk.gov.hmcts.reform.prl.IntegrationTest.getUserToken(IntegrationTest.java:105)
uk.gov.hmcts.reform.prl.IntegrationTest.getAuthorizationToken(IntegrationTest.java:112)
uk.gov.hmcts.reform.prl.controllers.ServiceRequestUpdateCallbackControllerIntegrationTest.whenValidRequestFormat_Return200(ServiceRequestUpdateCallbackControllerIntegrationTest.java:46)
org.springframework.test.context.junit4.statements.RunBeforeTestMethodCallbacks.evaluate(RunBeforeTestMethodCallbacks.java:75)
org.springframework.test.context.junit4.statements.RunAfterTestMethodCallbacks.evaluate(RunAfterTestMethodCallbacks.java:86)
</system-err></testcase></testsuite>