<?xml version="1.0" encoding="UTF-8"?><testsuite errors="2" failures="0" name="uk.gov.hmcts.reform.prl.controllers.FeeAndPayServiceRequestControllerIntegrationTest" skipped="1" tests="3" time="1.52" timestamp="2022-03-04 03:51:26"><testcase classname="uk.gov.hmcts.reform.prl.controllers.FeeAndPayServiceRequestControllerIntegrationTest" name="When invalid request format return400"><error message="Failed to load ApplicationContext" type="java.lang.IllegalStateException">Failed to load ApplicationContext</error><system-err>Failed to load ApplicationContext
org.springframework.test.context.cache.DefaultCacheAwareContextLoaderDelegate.loadContext(DefaultCacheAwareContextLoaderDelegate.java:132)
org.springframework.test.context.support.DefaultTestContext.getApplicationContext(DefaultTestContext.java:124)
org.springframework.test.context.web.ServletTestExecutionListener.setUpRequestContextIfNecessary(ServletTestExecutionListener.java:190)
org.springframework.test.context.web.ServletTestExecutionListener.prepareTestInstance(ServletTestExecutionListener.java:132)
org.springframework.test.context.TestContextManager.prepareTestInstance(TestContextManager.java:244)
</system-err></testcase><testcase classname="uk.gov.hmcts.reform.prl.controllers.FeeAndPayServiceRequestControllerIntegrationTest" name="Return200 for healthcheck for payment api"><error message="Failed to load ApplicationContext" type="java.lang.IllegalStateException">Failed to load ApplicationContext</error><system-err>Failed to load ApplicationContext
org.springframework.test.context.cache.DefaultCacheAwareContextLoaderDelegate.loadContext(DefaultCacheAwareContextLoaderDelegate.java:132)
org.springframework.test.context.support.DefaultTestContext.getApplicationContext(DefaultTestContext.java:124)
org.springframework.test.context.web.ServletTestExecutionListener.setUpRequestContextIfNecessary(ServletTestExecutionListener.java:190)
org.springframework.test.context.web.ServletTestExecutionListener.prepareTestInstance(ServletTestExecutionListener.java:132)
org.springframework.test.context.TestContextManager.prepareTestInstance(TestContextManager.java:244)
</system-err></testcase><testcase classname="uk.gov.hmcts.reform.prl.controllers.FeeAndPayServiceRequestControllerIntegrationTest" name="When valid request format return200"><skipped/></testcase></testsuite>