<?xml version="1.0" encoding="UTF-8"?><testsuite errors="1" failures="0" name="uk.gov.hmcts.reform.prl.controllers.GetWelcomeTest" skipped="0" tests="1" time="7.06" timestamp="2022-03-04 03:51:28"><testcase classname="uk.gov.hmcts.reform.prl.controllers.GetWelcomeTest" name="Welcome root endpoint"><error message="Error creating bean with name 'uk.gov.hmcts.reform.prl.controllers.GetWelcomeTest': Injection of autowired dependencies failed; nested exception is java.lang.IllegalArgumentException: Could not resolve placeholder 'idam.client.clientId' in value &#34;${idam.client.clientId}&#34;" type="org.springframework.beans.factory.BeanCreationException">Error creating bean with name 'uk.gov.hmcts.reform.prl.controllers.GetWelcomeTest': Injection of autowired dependencies failed; nested exception is java.lang.IllegalArgumentException: Could not resolve placeholder 'idam.client.clientId' in value "${idam.client.clientId}"</error><system-err>Error creating bean with name 'uk.gov.hmcts.reform.prl.controllers.GetWelcomeTest': Injection of autowired dependencies failed; nested exception is java.lang.IllegalArgumentException: Could not resolve placeholder 'idam.client.clientId' in value "${idam.client.clientId}"
org.springframework.beans.factory.annotation.AutowiredAnnotationBeanPostProcessor.postProcessProperties(AutowiredAnnotationBeanPostProcessor.java:405)
org.springframework.beans.factory.support.AbstractAutowireCapableBeanFactory.populateBean(AbstractAutowireCapableBeanFactory.java:1413)
org.springframework.beans.factory.support.AbstractAutowireCapableBeanFactory.autowireBeanProperties(AbstractAutowireCapableBeanFactory.java:399)
org.springframework.test.context.support.DependencyInjectionTestExecutionListener.injectDependencies(DependencyInjectionTestExecutionListener.java:119)
org.springframework.test.context.support.DependencyInjectionTestExecutionListener.prepareTestInstance(DependencyInjectionTestExecutionListener.java:83)
org.springframework.boot.test.autoconfigure.SpringBootDependencyInjectionTestExecutionListener.prepareTestInstance(SpringBootDependencyInjectionTestExecutionListener.java:43)
org.springframework.test.context.TestContextManager.prepareTestInstance(TestContextManager.java:244)
</system-err></testcase></testsuite>